Tue 22:35: PROGRESS: MaxCompiler version: 2015.2
Tue 22:35: PROGRESS: Build "MinHeap" start time: Tue Jun 07 22:35:38 UTC 2016
Tue 22:35: PROGRESS: Main build process running as user cpelikan on host 667e9e5fc023
Tue 22:35: INFO    : Loading build properties from bundled MaxCompiler_build.conf...
Tue 22:35: INFO    : Loading default build properties from /opt/MaxCompiler_build.conf
Tue 22:35: INFO    : User build properties not found in file: /home/cpelikan/.MaxCompiler_build_user.conf
Tue 22:35: INFO    : No user-specified external build property file has been specified.
Tue 22:35: INFO    : (Set environment variable MAXCOMPILER_BUILD_CONF_FILE to assign one)
Tue 22:35: INFO    : Loading additional parameters from MAXCOMPILER_BUILD_CONF environment variable
Tue 22:35: PROGRESS: Build location: /tmp/MinHeap_MAIA_DFE_SIM
Tue 22:35: PROGRESS: Detailed build log available in "_build.log"
Tue 22:35: INFO    : Created build manager MinHeap (MinHeap_MAIA_DFE_SIM Tue Jun 07 22:35:38 UTC 2016). (22:35:38 07/06/16)
Tue 22:35: INFO    : Working in dir: /tmp/MinHeap_MAIA_DFE_SIM
Tue 22:35: INFO    : Java class path (2 paths):
Tue 22:35: INFO    : 	/home/cpelikan/WebIDE-Projects/minHeapFinal/RunRules/Simulation/dist/bin
Tue 22:35: INFO    : 	/opt/maxcompiler/lib/MaxCompiler.jar
Tue 22:35: INFO    : Java process started by 'main' method in class 'minheap.MinHeapManager'.
Tue 22:35: INFO    : build.arbitrated_core_cache parameter is blank, not using core-cache
Tue 22:35: INFO    : Checking license files in directory: /opt/maxcompiler//licenses
Tue 22:35: INFO    : All license signatures valid.
Tue 22:35: PROGRESS: Instantiating manager
Tue 22:35: PROGRESS: Instantiating kernel "MinHeapKernel"
Tue 22:35: INFO    : Backing-up source-files (old source files in build directory will be removed first)...
Tue 22:35: INFO    : Source directories: src
Tue 22:35: INFO    : Not deleting directory (does not exist): src
Tue 22:35: INFO    : Copying source-files took 2.53520 ms
Tue 22:35: PROGRESS: Compiling manager (CPU I/O Only)
Tue 22:35: INFO    : Backing-up source-files (old source files in build directory will be removed first)...
Tue 22:35: INFO    : Source directories: src
Tue 22:35: INFO    : Deleting directory: src
Tue 22:35: INFO    : Copying source-files took 2.10534 ms
Tue 22:35: INFO    : Manager Configuration:
Tue 22:35: INFO    : 	ManagerConfiguration.allowNonMultipleTransitions = false                   [Init: false]
Tue 22:35: INFO    : 	ManagerConfiguration.board = MAX4848A                                      [Init: null, init: MAX4848A]
Tue 22:35: INFO    : 	ManagerConfiguration.build.buildEffort = MEDIUM                            [Init: MEDIUM]
Tue 22:35: INFO    : 	ManagerConfiguration.build.enableChipScopeInserter = false                 [Init: false]
Tue 22:35: INFO    : 	ManagerConfiguration.build.enableTimingAnalysis = true                     [Init: true]
Tue 22:35: INFO    : 	ManagerConfiguration.build.level = FULL_BUILD                              [Init: FULL_BUILD]
Tue 22:35: INFO    : 	ManagerConfiguration.build.mpprContinueAfterMeetingTiming = false          [Init: false]
Tue 22:35: INFO    : 	ManagerConfiguration.build.mpprCtMax = 1                                   [Init: 1]
Tue 22:35: INFO    : 	ManagerConfiguration.build.mpprCtMin = 1                                   [Init: 1]
Tue 22:35: INFO    : 	ManagerConfiguration.build.mpprParallelism = 1                             [Init: 1]
Tue 22:35: INFO    : 	ManagerConfiguration.build.mpprRetryMissesThrshld = 0                      [Init: 0]
Tue 22:35: INFO    : 	ManagerConfiguration.build.optGoal = BALANCED                              [Init: BALANCED]
Tue 22:35: INFO    : 	ManagerConfiguration.build.physSynthAsyncPipelining = AUTO                 [Init: AUTO]
Tue 22:35: INFO    : 	ManagerConfiguration.build.physSynthCombLogic = AUTO                       [Init: AUTO]
Tue 22:35: INFO    : 	ManagerConfiguration.build.physSynthCombLogicForArea = AUTO                [Init: AUTO]
Tue 22:35: INFO    : 	ManagerConfiguration.build.physSynthEffort = AUTO                          [Init: AUTO]
Tue 22:35: INFO    : 	ManagerConfiguration.build.physSynthRegDuplication = AUTO                  [Init: AUTO]
Tue 22:35: INFO    : 	ManagerConfiguration.build.physSynthRetiming = AUTO                        [Init: AUTO]
Tue 22:35: INFO    : 	ManagerConfiguration.build.physicalSynthesis = false                       [Init: false]
Tue 22:35: INFO    : 	ManagerConfiguration.buildTarget = DFE_SIM                                 [Init: null, init: DFE_SIM]
Tue 22:35: INFO    : 	ManagerConfiguration.debug.chipscopeCaptureDepth = 4096                    [Init: 4096]
Tue 22:35: INFO    : 	ManagerConfiguration.debug.fifoUnderOverFlowRegs = false                   [Init: false]
Tue 22:35: INFO    : 	ManagerConfiguration.debug.memCtlDebugRegs = true                          [Init: true]
Tue 22:35: INFO    : 	ManagerConfiguration.debug.memCtlExtraDebugRegs = false                    [Init: false]
Tue 22:35: INFO    : 	ManagerConfiguration.debug.memMarginingSupport = false                     [Init: false]
Tue 22:35: INFO    : 	ManagerConfiguration.debug.memPhyDebugRegister = NONE                      [Init: NONE]
Tue 22:35: INFO    : 	ManagerConfiguration.debug.memPllLockDebugRegs = true                      [Init: true]
Tue 22:35: INFO    : 	ManagerConfiguration.debug.streamStatus = false                            [Init: false]
Tue 22:35: INFO    : 	ManagerConfiguration.debug.streamStatusChecksums = false                   [Init: false]
Tue 22:35: INFO    : 	ManagerConfiguration.dram.addressGeneratorsInSlowClock = false             [Init: false]
Tue 22:35: INFO    : 	ManagerConfiguration.dram.arbitrationMode = ROUND_ROBIN                    [Init: ROUND_ROBIN]
Tue 22:35: INFO    : 	ManagerConfiguration.dram.burstSize = 8                                    [Init: 8]
Tue 22:35: INFO    : 	ManagerConfiguration.dram.cmdFifoInReg = false                             [Init: false]
Tue 22:35: INFO    : 	ManagerConfiguration.dram.cmdFifoLutRam = false                            [Init: false]
Tue 22:35: INFO    : 	ManagerConfiguration.dram.cmdFifoRegInRam = true                           [Init: true]
Tue 22:35: INFO    : 	ManagerConfiguration.dram.cmdFifoSize = 31                                 [Init: 31]
Tue 22:35: INFO    : 	ManagerConfiguration.dram.commandEchoModeEnabled = false                   [Init: false]
Tue 22:35: INFO    : 	ManagerConfiguration.dram.commandEchoModeFifoDepth = 512                   [Init: 512]
Tue 22:35: INFO    : 	ManagerConfiguration.dram.commandEchoModeStreamAlmostEmptyLatency = 792    [Init: 792]
Tue 22:35: INFO    : 	ManagerConfiguration.dram.commandEchoModeStreamAlmostEmptyLatency = 8      [Init: 8]
Tue 22:35: INFO    : 	ManagerConfiguration.dram.commandEchoModeStreamStallLatency = 8            [Init: 8]
Tue 22:35: INFO    : 	ManagerConfiguration.dram.dataFifoDepth = 512                              [Init: 512]
Tue 22:35: INFO    : 	ManagerConfiguration.dram.dataFifoLutRam = false                           [Init: false]
Tue 22:35: INFO    : 	ManagerConfiguration.dram.dataFifoWidth = 792                              [Init: 792]
Tue 22:35: INFO    : 	ManagerConfiguration.dram.eccMode = true                                   [Init: false, change: true]
Tue 22:35: INFO    : 	ManagerConfiguration.dram.fabricDataFifoReg = true                         [Init: true]
Tue 22:35: INFO    : 	ManagerConfiguration.dram.fabricRdDataFifoReg = false                      [Init: false]
Tue 22:35: INFO    : 	ManagerConfiguration.dram.flagSupport = false                              [Init: false]
Tue 22:35: INFO    : 	ManagerConfiguration.dram.highPrioStream = false                           [Init: false]
Tue 22:35: INFO    : 	ManagerConfiguration.dram.max2CompatMode = false                           [Init: false]
Tue 22:35: INFO    : 	ManagerConfiguration.dram.max4m_GALAVA_MCP_UseRefClk = false               [Init: false]
Tue 22:35: INFO    : 	ManagerConfiguration.dram.max4m_MAIA_MCP_UseRefClk = false                 [Init: false]
Tue 22:35: INFO    : 	ManagerConfiguration.dram.max4qrateMode = false                            [Init: false]
Tue 22:35: INFO    : 	ManagerConfiguration.dram.memCmdIncSize = 8                                [Init: 8]
Tue 22:35: INFO    : 	ManagerConfiguration.dram.memCmdStartAddrSize = 32                         [Init: 32]
Tue 22:35: INFO    : 	ManagerConfiguration.dram.onCardMemFreq = 400.0                            [Init: 0.0, change: 400.0]
Tue 22:35: INFO    : 	ManagerConfiguration.dram.parEccDebugStream = false                        [Init: false]
Tue 22:35: INFO    : 	ManagerConfiguration.dram.parityEccWidth = 72                              [Init: 0, change: 72]
Tue 22:35: INFO    : 	ManagerConfiguration.dram.parityMode = true                                [Init: false, change: true]
Tue 22:35: INFO    : 	ManagerConfiguration.dram.perdqsPhaseDetect = false                        [Init: false]
Tue 22:35: INFO    : 	ManagerConfiguration.dram.performanceMode = true                           [Init: true]
Tue 22:35: INFO    : 	ManagerConfiguration.enableMPCX = false                                    [Init: false, init: false]
Tue 22:35: INFO    : 	ManagerConfiguration.maxring.maxringConnections = []                       [Init: []]
Tue 22:35: INFO    : 	ManagerConfiguration.maxring.maxringNumLanes = {}                          [Init: {}]
Tue 22:35: INFO    : 	ManagerConfiguration.multiCycleMappedMemoryBus = false                     [Init: false]
Tue 22:35: INFO    : 	ManagerConfiguration.network.qsfp0Mode = QSFP_OFF                          [Init: QSFP_OFF]
Tue 22:35: INFO    : 	ManagerConfiguration.network.qsfp1Mode = QSFP_OFF                          [Init: QSFP_OFF]
Tue 22:35: INFO    : 	ManagerConfiguration.network.qsfp2Mode = QSFP_OFF                          [Init: QSFP_OFF]
Tue 22:35: INFO    : 	ManagerConfiguration.network.qsfp3Mode = QSFP_OFF                          [Init: QSFP_OFF]
Tue 22:35: INFO    : 	ManagerConfiguration.network.qsfp4Mode = QSFP_OFF                          [Init: QSFP_OFF]
Tue 22:35: INFO    : 	ManagerConfiguration.network.qsfp5Mode = QSFP_OFF                          [Init: QSFP_OFF]
Tue 22:35: INFO    : 	ManagerConfiguration.network.qsfp6Mode = QSFP_OFF                          [Init: QSFP_OFF]
Tue 22:35: INFO    : 	ManagerConfiguration.network.qsfp7Mode = QSFP_OFF                          [Init: QSFP_OFF]
Tue 22:35: INFO    : 	ManagerConfiguration.pcie.numPCIeLanes = 8                                 [Init: 0, change: 8]
Tue 22:35: INFO    : 	ManagerConfiguration.pcie.pcieFastClock = true                             [Init: false, change: true]
Tue 22:35: INFO    : 	ManagerConfiguration.pcie.streamFromHostMaxNum = 0                         [Init: 0]
Tue 22:35: INFO    : 	ManagerConfiguration.pcie.streamToHostMaxNum = 0                           [Init: 0]
Tue 22:35: INFO    : 	ManagerConfiguration.persona.boardModel = MAX4848A                         [Init: null, change: MAX4848A]
Tue 22:35: INFO    : 	ManagerConfiguration.persona.ddr3Enable = false                            [Init: false]
Tue 22:35: INFO    : 	ManagerConfiguration.persona.ddr3Frq = 400.0                               [Init: 400.0]
Tue 22:35: INFO    : 	ManagerConfiguration.persona.ddr3Qmode = false                             [Init: false]
Tue 22:35: INFO    : 	ManagerConfiguration.persona.disableMultiplePersona = true                 [Init: true]
Tue 22:35: INFO    : 	ManagerConfiguration.persona.dynamic_scaling = false                       [Init: false]
Tue 22:35: INFO    : 	ManagerConfiguration.persona.enableCPLDOverrideOutpus = false              [Init: false]
Tue 22:35: INFO    : 	ManagerConfiguration.persona.enableJDFEPTPTestLogic = false                [Init: false]
Tue 22:35: INFO    : 	ManagerConfiguration.persona.maxRingLocal = false                          [Init: false]
Tue 22:35: INFO    : 	ManagerConfiguration.persona.maxRingOptical = false                        [Init: false]
Tue 22:35: INFO    : 	ManagerConfiguration.persona.maxringDataRate = 2500.0                      [Init: 2500.0]
Tue 22:35: INFO    : 	ManagerConfiguration.persona.maxringOpticalDataRate = 10000.0              [Init: 10000.0]
Tue 22:35: INFO    : 	ManagerConfiguration.persona.mode = InitMode                               [Init: InitMode]
Tue 22:35: INFO    : 	ManagerConfiguration.persona.networkPTP = OFF                              [Init: OFF]
Tue 22:35: INFO    : 	ManagerConfiguration.persona.panMaxRingA = false                           [Init: false]
Tue 22:35: INFO    : 	ManagerConfiguration.persona.panMaxRingB = false                           [Init: false]
Tue 22:35: INFO    : 	ManagerConfiguration.persona.personaInterfaceVersion = 1                   [Init: 1]
Tue 22:35: INFO    : 	ManagerConfiguration.persona.qdr2Enable = false                            [Init: false]
Tue 22:35: INFO    : 	ManagerConfiguration.persona.qdr2Frq = 350.0                               [Init: 350.0]
Tue 22:35: INFO    : 	ManagerConfiguration.persona.streamClks = 1                                [Init: 1]
Tue 22:35: INFO    : 	ManagerConfiguration.persona.streamFrq = [100.0]                           [Init: [150.0], change: [100.0]]
Tue 22:35: INFO    : 	ManagerConfiguration.persona.streamPs = [0]                                [Init: [0]]
Tue 22:35: INFO    : 	ManagerConfiguration.persona.usePCIeGen1 = false                           [Init: false]
Tue 22:35: INFO    : 	ManagerConfiguration.simulation.nativeFloatingPoint = false                [Init: false]
Tue 22:35: INFO    : 	ManagerConfiguration.streamClockFrq = 100                                  [Init: 100]
Tue 22:35: INFO    : 	ManagerConfiguration.useLegacyStreamFIFOs = false                          [Init: false]
Tue 22:35: INFO    : 
Tue 22:35: INFO    :  -- 
Tue 22:35: PROGRESS: 
Tue 22:35: PROGRESS: Compiling kernel "MinHeapKernel"
Tue 22:35: INFO    : Configuration:
Tue 22:35: INFO    : 	KernelConfiguration.additionalInputPipelining = 64                                          [Init: 64]
Tue 22:35: INFO    : 	KernelConfiguration.allowDSPCascading = true                                                [Init: true]
Tue 22:35: INFO    : 	KernelConfiguration.allowInputsOutputsBeforeFlushNode = false                               [Init: false]
Tue 22:35: INFO    : 	KernelConfiguration.allowZeroLatencyNodeHold = false                                        [Init: false]
Tue 22:35: INFO    : 	KernelConfiguration.board = MAX4848A                                                        [Init: MAX2116B, change: MAX4848A]
Tue 22:35: INFO    : 	KernelConfiguration.bramBitsThreshold = 2080                                                [Init: 2080]
Tue 22:35: INFO    : 	KernelConfiguration.buildTarget = MAXCOMPILERSIM_HOST_DRIVEN                                [Init: NONE, change: MAXCOMPILERSIM_HOST_DRIVEN]
Tue 22:35: INFO    : 	KernelConfiguration.cePipelining = 2                                                        [Init: 2]
Tue 22:35: INFO    : 	KernelConfiguration.clockPhaseBalanceThreshold = 0.1                                        [Init: 0.1]
Tue 22:35: INFO    : 	KernelConfiguration.clockPhasingRetries = 50                                                [Init: 50]
Tue 22:35: INFO    : 	KernelConfiguration.dumpNeighboursString =                                                  [Init: ]
Tue 22:35: INFO    : 	KernelConfiguration.enableCeReplication = true                                              [Init: true]
Tue 22:35: INFO    : 	KernelConfiguration.enableClockPhasePartitioning = false                                    [Init: false]
Tue 22:35: INFO    : 	KernelConfiguration.enableDebugIOControlRegs = true                                         [Init: true]
Tue 22:35: INFO    : 	KernelConfiguration.enableDummyBuild = false                                                [Init: false]
Tue 22:35: INFO    : 	KernelConfiguration.enableKernelProfiler = false                                            [Init: false]
Tue 22:35: INFO    : 	KernelConfiguration.enablePipelinedComputeController = false                                [Init: false]
Tue 22:35: INFO    : 	KernelConfiguration.enableShadowRegister = false                                            [Init: false]
Tue 22:35: INFO    : 	KernelConfiguration.enableSmartKernelControl = false                                        [Init: false]
Tue 22:35: INFO    : 	KernelConfiguration.fifoSrlRegisterStages = 1                                               [Init: 1]
Tue 22:35: INFO    : 	KernelConfiguration.flushOnInputDataCongtiguous = false                                     [Init: false]
Tue 22:35: INFO    : 	KernelConfiguration.hardwareDebugDepth = 512                                                [Init: 512]
Tue 22:35: INFO    : 	KernelConfiguration.hwHierarchyMode = UNSET                                                 [Init: UNSET]
Tue 22:35: INFO    : 	KernelConfiguration.latencyAnnotation = false                                               [Init: false]
Tue 22:35: INFO    : 	KernelConfiguration.latencyAnnotationIOs =                                                  [Init: null]
Tue 22:35: INFO    : 	KernelConfiguration.maxCoalescedFifoWidth = 2147483647                                      [Init: 2147483647]
Tue 22:35: INFO    : 	KernelConfiguration.maxPreAdderFanOut = 1                                                   [Init: 1]
Tue 22:35: INFO    : 	KernelConfiguration.netlistMode = false                                                     [Init: false]
Tue 22:35: INFO    : 	KernelConfiguration.numPhotonStateMachines = 1                                              [Init: 1]
Tue 22:35: INFO    : 	KernelConfiguration.optimizations.ceCounterRegisterDuplication = 1                          [Init: 1]
Tue 22:35: INFO    : 	KernelConfiguration.optimizations.conditionalArithmetic = true                              [Init: true]
Tue 22:35: INFO    : 	KernelConfiguration.optimizations.counterChainWrapPipelining = 0                            [Init: 0]
Tue 22:35: INFO    : 	KernelConfiguration.optimizations.dspAddChain = OPTIMISE                                    [Init: null, Init after BuildTarget change: OPTIMISE]
Tue 22:35: INFO    : 	KernelConfiguration.optimizations.enableActiveFanoutReduction = false                       [Init: false]
Tue 22:35: INFO    : 	KernelConfiguration.optimizations.enableBUFGCE = false                                      [Init: false]
Tue 22:35: INFO    : 	KernelConfiguration.optimizations.enableBetterInputRegistering = false                      [Init: false]
Tue 22:35: INFO    : 	KernelConfiguration.optimizations.enableBetterRegistering = false                           [Init: false]
Tue 22:35: INFO    : 	KernelConfiguration.optimizations.enableFIFOCoalescingAcrossPlacementConstraints = false    [Init: false]
Tue 22:35: INFO    : 	KernelConfiguration.optimizations.enableFifoCoalescing = true                               [Init: true]
Tue 22:35: INFO    : 	KernelConfiguration.optimizations.enableFullPrecisionBinaryOpConstants = false              [Init: false]
Tue 22:35: INFO    : 	KernelConfiguration.optimizations.enableIntegratedRounding = false                          [Init: false]
Tue 22:35: INFO    : 	KernelConfiguration.optimizations.enableMappedMemoryHostReadBack = true                     [Init: true]
Tue 22:35: INFO    : 	KernelConfiguration.optimizations.enableMultiCycleReset = false                             [Init: false]
Tue 22:35: INFO    : 	KernelConfiguration.optimizations.enablePowerTwoFloatMult = true                            [Init: true]
Tue 22:35: INFO    : 	KernelConfiguration.optimizations.enableRedundantNodeDeletion = true                        [Init: true]
Tue 22:35: INFO    : 	KernelConfiguration.optimizations.enableStateMachineRegisterMerging = true                  [Init: true]
Tue 22:35: INFO    : 	KernelConfiguration.optimizations.inputFlushDistanceFactor = 0                              [Init: 0]
Tue 22:35: INFO    : 	KernelConfiguration.optimizations.minimumStaticFIFOSplitDepth = 1                           [Init: 1]
Tue 22:35: INFO    : 	KernelConfiguration.optimizations.optimizationTechnique = DEFAULT                           [Init: DEFAULT]
Tue 22:35: INFO    : 	KernelConfiguration.optimizations.triAdd = true                                             [Init: true]
Tue 22:35: INFO    : 	KernelConfiguration.partialReconfBlockName =                                                [Init: ]
Tue 22:35: INFO    : 	KernelConfiguration.partialReconfMode = false                                               [Init: false]
Tue 22:35: INFO    : 	KernelConfiguration.partialReconfTemplate = false                                           [Init: false]
Tue 22:35: INFO    : 	KernelConfiguration.replicateNodeCeLog2NumPartitions = 0                                    [Init: 0]
Tue 22:35: INFO    : 	KernelConfiguration.romBRAMBitsThreshold = 2080                                             [Init: 2080]
Tue 22:35: INFO    : 	KernelConfiguration.simulation.ramAddressCollisionBehaviour = EXCEPTION                     [Init: EXCEPTION]
Tue 22:35: INFO    : 	KernelConfiguration.simulation.ramOutOfBoundsAccessBehaviour = EXCEPTION                    [Init: EXCEPTION]
Tue 22:35: INFO    : 	KernelConfiguration.simulation.simProgressMessageFrequency = 0                              [Init: 0]
Tue 22:35: INFO    : 
Tue 22:35: INFO    :  -- 
Tue 22:35: WARNING : Warning (UNCONNECTED_DESIGN_ELEMENT):
Tue 22:35: WARNING : Unconnected elements in design 'MinHeapKernel'
Tue 22:35: WARNING : details in : /tmp/MinHeap_MAIA_DFE_SIM/scratch/MinHeapKernel_graph_warnings.txt
Tue 22:35: INFO    : Writing current graph to: MinHeap-MinHeapKernel-original.pxg
Tue 22:35: INFO    : Running kernel graph-pass 'GeneratePXG'.
Tue 22:35: INFO    : Graph-pass 'GeneratePXG' took 626.007 ms (1 iterations)
Tue 22:35: INFO    : Running kernel graph-pass 'MarkConstantPass'.
Tue 22:35: INFO    : Graph-pass 'MarkConstantPass' took 8.11995 ms (1 iterations)
Tue 22:35: INFO    : Running kernel graph-pass 'ReachabilityPass'.
Tue 22:35: INFO    : Graph-pass 'ReachabilityPass' took 82.9002 ms (1 iterations)
Tue 22:35: INFO    : Running kernel graph-pass 'FindInputsLeadingToFlush'.
Tue 22:35: INFO    : Graph-pass 'FindInputsLeadingToFlush' took 354.887 ?s (1 iterations)
Tue 22:35: INFO    : Running kernel graph-pass 'CheckForStatefulToFlushViolations'.
Tue 22:35: INFO    : Graph-pass 'CheckForStatefulToFlushViolations' took 496.317 ?s (1 iterations)
Tue 22:35: INFO    : Running kernel graph-pass 'CheckForInputToFlushViolations'.
Tue 22:35: INFO    : Graph-pass 'CheckForInputToFlushViolations' took 2.14098 ms (1 iterations)
Tue 22:35: INFO    : Not deleting directory (does not exist): neighbours
Tue 22:35: INFO    : Running Photon pre-schedule graph optimisations
Tue 22:35: INFO    : Running kernel graph-pass 'AlignOrEradicatePrintfs'.
Tue 22:35: INFO    : Graph-pass 'AlignOrEradicatePrintfs' took 3.71278 ms (1 iterations)
Tue 22:35: INFO    : Running kernel graph-pass 'FoldConstantsPass'.
Tue 22:35: INFO    : Graph-pass 'FoldConstantsPass' took 269.263 ms (2 iterations)
Tue 22:35: INFO    : Running kernel graph-pass 'OptimiseNodesPass'.
Tue 22:35: INFO    : Graph-pass 'OptimiseNodesPass' took 20.9839 ms (2 iterations)
Tue 22:35: INFO    : Running kernel graph-pass 'DeleteRedundantNodes'.
Tue 22:35: INFO    : Graph-pass 'DeleteRedundantNodes' took 1.26239 ms (1 iterations)
Tue 22:35: INFO    : Running kernel graph-pass 'AlteraDSPExtractionGraphPass'.
Tue 22:35: INFO    : Optimized 0 sub-graphs into DSP multiply/add chains 
Tue 22:35: INFO    : Graph-pass 'AlteraDSPExtractionGraphPass' took 20.7354 ms (1 iterations)
Tue 22:35: INFO    : Running kernel graph-pass 'TriAddExtractionPass'.
Tue 22:35: INFO    : Graph-pass 'TriAddExtractionPass' took 1.80219 ms (1 iterations)
Tue 22:35: INFO    : Running kernel graph-pass 'ConditionalAddExtractionPass'.
Tue 22:35: INFO    : Optimized 0 sub-graphs into conditional adds/subs/triadds.
Tue 22:35: INFO    : Graph-pass 'ConditionalAddExtractionPass' took 2.04284 ms (1 iterations)
Tue 22:35: INFO    : Running kernel graph-pass 'PO2FPMultOptimiser'.
Tue 22:35: INFO    : Graph-pass 'PO2FPMultOptimiser' took 1.10097 ms (1 iterations)
Tue 22:35: INFO    : Running Photon simulation preparation
Tue 22:35: INFO    : Running kernel graph-pass 'PrepareSimulationPass'.
Tue 22:35: INFO    : Graph-pass 'PrepareSimulationPass' took 896.849 ?s (1 iterations)
Tue 22:35: INFO    : Logging Photon stats to: MinHeapKernel_photon_stats.csv
Tue 22:35: INFO    : Running kernel graph-pass 'StatsPass'.
Tue 22:35: INFO    : Graph-pass 'StatsPass' took 3.46256 ms (1 iterations)
Tue 22:35: INFO    : Running kernel graph-pass 'CollectNumericExceptions'.
Tue 22:35: INFO    : Graph-pass 'CollectNumericExceptions' took 862.314 ?s (1 iterations)
Tue 22:35: INFO    : Running kernel graph-pass 'StreamOffsetDivExpand'.
Tue 22:35: INFO    : Graph-pass 'StreamOffsetDivExpand' took 150.266 ?s (1 iterations)
Tue 22:35: INFO    : Running kernel graph-pass 'FindIllegalLoops'.
Tue 22:35: INFO    : Graph-pass 'FindIllegalLoops' took 2.07451 ms (1 iterations)
Tue 22:35: INFO    : Running kernel graph-pass 'MarkConstantPass'.
Tue 22:35: INFO    : Graph-pass 'MarkConstantPass' took 1.36725 ms (1 iterations)
Tue 22:35: INFO    : Running kernel graph-pass 'ScheduleVariables'.
Tue 22:35: INFO    : Graph-pass 'ScheduleVariables' took 4.45607 ms (1 iterations)
Tue 22:35: INFO    : Running kernel graph-pass 'SubstituteEqPlaceholders'.
Tue 22:35: INFO    : Graph-pass 'SubstituteEqPlaceholders' took 125.357 ?s (1 iterations)
Tue 22:35: INFO    : Running kernel graph-pass 'ScheduleApplier'.
Tue 22:35: INFO    : Graph-pass 'ScheduleApplier' took 12.4670 ms (1 iterations)
Tue 22:35: INFO    : Running kernel graph-pass 'MarkConstantPass'.
Tue 22:35: INFO    : Graph-pass 'MarkConstantPass' took 1.23708 ms (1 iterations)
Tue 22:35: INFO    : Running kernel graph-pass 'ScheduleDumper'.
Tue 22:35: INFO    : Graph-pass 'ScheduleDumper' took 7.30095 ms (1 iterations)
Tue 22:35: INFO    : Running Photon post-schedule graph optimisations (pass 1)
Tue 22:35: INFO    : Running kernel graph-pass 'TapFIFOsPass'.
Tue 22:35: INFO    : Graph-pass 'TapFIFOsPass' took 1.69822 ms (1 iterations)
Tue 22:35: INFO    : Running kernel graph-pass 'FoldFIFOsPass'.
Tue 22:35: INFO    : Graph-pass 'FoldFIFOsPass' took 1.34933 ms (1 iterations)
Tue 22:35: INFO    : Running kernel graph-pass 'MarkConstantPass'.
Tue 22:35: INFO    : Graph-pass 'MarkConstantPass' took 1.23780 ms (1 iterations)
Tue 22:35: INFO    : Running kernel graph-pass 'ValidateFIFOs'.
Tue 22:35: INFO    : Graph-pass 'ValidateFIFOs' took 994.956 ?s (1 iterations)
Tue 22:35: INFO    : Running kernel graph-pass 'MarkConstantPass'.
Tue 22:35: INFO    : Graph-pass 'MarkConstantPass' took 1.25691 ms (1 iterations)
Tue 22:35: INFO    : Running kernel graph-pass 'ScheduleDumper'.
Tue 22:35: INFO    : Graph-pass 'ScheduleDumper' took 7.43613 ms (1 iterations)
Tue 22:35: INFO    : Running kernel graph-pass 'MarkConstantPass'.
Tue 22:35: INFO    : Graph-pass 'MarkConstantPass' took 1.25178 ms (1 iterations)
Tue 22:35: INFO    : Running kernel graph-pass 'ScheduleConstants'.
Tue 22:35: INFO    : Running command: "/opt/maxcompiler//bin/cbc" "MinHeapKernel_schedule_C.mps.gz" -threads 4 -solve  -printi csv -solu "MinHeapKernel_schedule_C.csv" > "MinHeapKernel_schedule_C.stdout.log"
Tue 22:35: INFO    : Optimum found: 16853
Tue 22:35: INFO    : Graph-pass 'ScheduleConstants' took 314.356 ms (1 iterations)
Tue 22:35: INFO    : Running kernel graph-pass 'MarkConstantPass'.
Tue 22:35: INFO    : Graph-pass 'MarkConstantPass' took 1.69831 ms (1 iterations)
Tue 22:35: INFO    : Running kernel graph-pass 'ScheduleDumper'.
Tue 22:35: INFO    : Graph-pass 'ScheduleDumper' took 12.8241 ms (1 iterations)
Tue 22:35: INFO    : Running kernel graph-pass 'SubstituteEqPlaceholders'.
Tue 22:35: INFO    : Graph-pass 'SubstituteEqPlaceholders' took 127.314 ?s (1 iterations)
Tue 22:35: INFO    : Running kernel graph-pass 'RemoveDistMeasurementNodes'.
Tue 22:35: INFO    : Graph-pass 'RemoveDistMeasurementNodes' took 15.6450 ?s (1 iterations)
Tue 22:35: INFO    : Running kernel graph-pass 'ScheduleApplier'.
Tue 22:35: INFO    : Graph-pass 'ScheduleApplier' took 62.6424 ms (1 iterations)
Tue 22:35: INFO    : Maximum stream latency for kernel 'MinHeapKernel': 147
Tue 22:35: INFO    : Using user logic for flush.
Tue 22:35: INFO    : Running Photon post-schedule graph optimisations (pass 2)
Tue 22:35: INFO    : Running kernel graph-pass 'TapFIFOsPass'.
Tue 22:35: INFO    : Graph-pass 'TapFIFOsPass' took 36.3349 ms (2 iterations)
Tue 22:35: INFO    : Running kernel graph-pass 'FoldFIFOsPass'.
Tue 22:35: INFO    : Graph-pass 'FoldFIFOsPass' took 3.30466 ms (1 iterations)
Tue 22:35: INFO    : Running kernel graph-pass 'MarkConstantPass'.
Tue 22:35: INFO    : Graph-pass 'MarkConstantPass' took 1.91456 ms (1 iterations)
Tue 22:35: INFO    : Running kernel graph-pass 'ScheduleAsserter'.
Tue 22:35: INFO    : Graph-pass 'ScheduleAsserter' took 6.67156 ms (1 iterations)
Tue 22:35: INFO    : Running kernel graph-pass 'ReplaceEvalStreamOffsetNodes'.
Tue 22:35: INFO    : Graph-pass 'ReplaceEvalStreamOffsetNodes' took 1.11817 ms (1 iterations)
Tue 22:35: INFO    : Running kernel graph-pass 'FIFOReport'.
Tue 22:35: INFO    : Graph-pass 'FIFOReport' took 9.36259 ms (1 iterations)
Tue 22:35: INFO    : Running kernel graph-pass 'StatsPass'.
Tue 22:35: INFO    : Graph-pass 'StatsPass' took 5.47875 ms (1 iterations)
Tue 22:35: INFO    : Running kernel graph-pass 'RemoveUntypedConstants'.
Tue 22:35: INFO    : Graph-pass 'RemoveUntypedConstants' took 18.5892 ms (1 iterations)
Tue 22:35: INFO    : Running kernel graph-pass 'VariableSizeMappedRegInserter'.
Tue 22:35: INFO    : Graph-pass 'VariableSizeMappedRegInserter' took 1.09041 ms (1 iterations)
Tue 22:35: INFO    : Running kernel graph-pass 'MarkConstantPass'.
Tue 22:35: INFO    : Graph-pass 'MarkConstantPass' took 2.73195 ms (1 iterations)
Tue 22:35: INFO    : Running kernel graph-pass 'MakeMaxFileNodeData'.
Tue 22:35: INFO    : Graph-pass 'MakeMaxFileNodeData' took 21.0124 ms (1 iterations)
Tue 22:35: INFO    : Running kernel graph-pass 'MoveFanoutRegsForwards'.
Tue 22:35: INFO    : Graph-pass 'MoveFanoutRegsForwards' took 1.08155 ms (1 iterations)
Tue 22:35: INFO    : Optimization report for Kernel 'MinHeapKernel'.
Tue 22:35: INFO    : Enabled optimizations:
Tue 22:35: INFO    : 	DSP-MultAdd
Tue 22:35: INFO    : 	Tri-Adder
Tue 22:35: INFO    : 	Conditional (Tri)Adds/Subs/AddSubs
Tue 22:35: INFO    : 	Power-of-2 Floating Point
Tue 22:35: INFO    : Creating a preliminary MaxCompilerDesignData.dat. (@ CoreCompile MinHeapKernel)
Tue 22:35: INFO    : Total compilation of 'MinHeapKernel' took 2.64704 s.
Tue 22:35: INFO    : Running kernel graph-pass 'MarkConstantPass'.
Tue 22:35: INFO    : Graph-pass 'MarkConstantPass' took 3.29562 ms (1 iterations)
Tue 22:35: INFO    : Running kernel graph-pass 'MaxConstantLatency'.
Tue 22:35: INFO    : Graph-pass 'MaxConstantLatency' took 2.29323 ms (1 iterations)
Tue 22:35: INFO    : Running kernel graph-pass 'SimCodeGraphPass'.
Tue 22:35: INFO    : Graph-pass 'SimCodeGraphPass' took 36.0967 ms (1 iterations)
Tue 22:35: INFO    : Writing current graph to: MinHeap-MinHeapKernel-final-simulation.pxg
Tue 22:35: INFO    : Running kernel graph-pass 'GeneratePXG'.
Tue 22:35: INFO    : Graph-pass 'GeneratePXG' took 181.884 ms (1 iterations)
Tue 22:35: INFO    : Running manager compiler graph-pass: GenerateMXGInfo
Tue 22:35: INFO    : Running manager compiler graph-pass: ScheduleStallLatency
Tue 22:35: INFO    : Running manager compiler graph-pass: ClockWidthAssignment
Tue 22:35: INFO    : Running manager compiler graph-pass: InsertDualAspectLogic
Tue 22:35: INFO    : Running manager compiler graph-pass: ClockWidthAssignment
Tue 22:35: INFO    : Running manager compiler graph-pass: InsertPullPushAdapter
Tue 22:35: INFO    : Running manager compiler graph-pass: ClockWidthAssignment
Tue 22:35: INFO    : Running manager compiler graph-pass: InsertStreamFifos
Tue 22:35: INFO    : Running manager compiler graph-pass: ClockWidthAssignment
Tue 22:35: INFO    : Running manager compiler graph-pass: InsertStreamStatus
Tue 22:35: INFO    : Running manager compiler graph-pass: InsertChipscope
Tue 22:35: INFO    : Inserted 0 chipscope manager nodes.
Tue 22:35: INFO    : Running manager compiler graph-pass: ClockWidthAssignment
Tue 22:35: INFO    : Running manager compiler graph-pass: ReportClockAssignments
Tue 22:35: INFO    : Running manager compiler graph-pass: BuildSoftwareSim
Tue 22:35: INFO    : Mapped register report:
Tue 22:35: INFO    : 	0	io_y_force_disabled	1bytes
Tue 22:35: INFO    : 	1	io_z_force_disabled	1bytes
Tue 22:35: INFO    : 	2	run_cycle_count	6bytes
Tue 22:35: INFO    : 	8	current_run_cycle_count	6bytes
Tue 22:35: INFO    : 	e	dbg_ctld_almost_empty	1bytes
Tue 22:35: INFO    : 	f	dbg_ctld_done	1bytes
Tue 22:35: INFO    : 	10	dbg_ctld_empty	1bytes
Tue 22:35: INFO    : 	11	dbg_ctld_read	1bytes
Tue 22:35: INFO    : 	12	dbg_ctld_read_pipe_dbg	1bytes
Tue 22:35: INFO    : 	13	dbg_ctld_request	1bytes
Tue 22:35: INFO    : 	14	dbg_done_out	1bytes
Tue 22:35: INFO    : 	15	dbg_fill_level	1bytes
Tue 22:35: INFO    : 	16	dbg_flush_level	1bytes
Tue 22:35: INFO    : 	17	dbg_flush_start	1bytes
Tue 22:35: INFO    : 	18	dbg_flush_start_level	1bytes
Tue 22:35: INFO    : 	19	dbg_flushing	1bytes
Tue 22:35: INFO    : 	1a	dbg_full_level	1bytes
Tue 22:35: INFO    : 	1b	dbg_out_stall	1bytes
Tue 22:35: INFO    : 	1c	dbg_out_valid	1bytes
Tue 22:35: INFO    : 	1d	dbg_stall_vector	1bytes
Tue 22:35: INFO    : 	1e	ifpga_ctrl	1bytes
Tue 22:35: INFO    : 	1f	SFA_FORWARD_EN	4bytes
Tue 22:35: INFO    : Mapped register chain length = 35
Tue 22:35: INFO    : Mapped register efficiency = 0.66 (184 / 280 bits)
Tue 22:35: INFO    : Mapped memory report:
Tue 22:35: INFO    : 	No mapped memories in this design.
Tue 22:35: INFO    : Running manager compiler graph-pass: GenerateMXGInfo
Tue 22:35: INFO    : Running manager compiler graph-pass: GenerateSlicHostCode
Tue 22:35: INFO    : Generating SLIC interface information
Tue 22:35: INFO    : Generating SLIC code for interface 'default'
Tue 22:35: INFO    : Skipping blacklisted scalar parameter 'MinHeapKernel.current_run_cycle_count'
Tue 22:35: INFO    : Interface 'default' depends on parameter 'N'
Tue 22:35: INFO    : Generating XML description for Maxfile
Tue 22:35: INFO    : Generating XML description for mode 'default'
Tue 22:35: INFO    : Skipping blacklisted scalar parameter 'MinHeapKernel.current_run_cycle_count'
Tue 22:35: INFO    : Interface 'default' depends on parameter 'N'
Tue 22:35: INFO    : Adding SLIC sections to the maxfile
Tue 22:35: INFO    : Adding user files to the maxfile
Tue 22:35: INFO    : Generating SLIC include file
Tue 22:35: INFO    : Done generating SLIC interface information
Tue 22:35: PROGRESS: Running back-end simulation build (3 phases)
Tue 22:35: PROGRESS: (1/3) - Prepare MaxFile Data (GenerateMaxFileDataFile)
Tue 22:35: INFO    : Build pass 'GenerateMaxFileDataFile' took 16.7770 ms.
Tue 22:35: PROGRESS: (2/3) - Compile Simulation Modules (SimCompilePass)
Tue 22:35: INFO    : Running command: make -j2
Tue 22:35: INFO    : make[3]: Entering directory `/tmp/MinHeap_MAIA_DFE_SIM/scratch/software-sim/build'
Tue 22:35: INFO    : mkdir -p objdir
Tue 22:35: INFO    : mkdir -p stdsimheader.h.gch
Tue 22:35: INFO    : /opt/maxcompiler//lib/clang/bin/start.sh clang++ -c -fPIC -B/opt/maxcompiler//lib/gcc -fbracket-depth=1024 -D_GLIBCXX__PTHREADS -D__USE_XOPEN2K8 -O3  -I. -I/opt/maxcompiler//lib/boost/include -I/opt/maxcompiler//lib/maxeleros-sim/include -I/opt/maxcompiler//lib/lwip_sim -I/opt/maxcompiler//lib/lwip_sim/include -I/opt/maxcompiler//lib/lwip_sim/include/arch -I/opt/maxcompiler//lib/lwip_sim/include/ipv4  -DHAVE_KERNELS -DMAXFILE_INC="../../MaxCompilerDesignData.dat" -g0  -DSLIC_NO_DECLARATIONS   -O0 -DOPTIMIZATION_LEVEL=0 -x c++-header \
Tue 22:35: INFO    : 		-o stdsimheader.h.gch/O0_stdsimheader.h.gch stdsimheader.h
Tue 22:35: INFO    : /opt/maxcompiler//lib/clang/bin/start.sh clang++ -c -fPIC -B/opt/maxcompiler//lib/gcc -fbracket-depth=1024 -D_GLIBCXX__PTHREADS -D__USE_XOPEN2K8 -O3  -I. -I/opt/maxcompiler//lib/boost/include -I/opt/maxcompiler//lib/maxeleros-sim/include -I/opt/maxcompiler//lib/lwip_sim -I/opt/maxcompiler//lib/lwip_sim/include -I/opt/maxcompiler//lib/lwip_sim/include/arch -I/opt/maxcompiler//lib/lwip_sim/include/ipv4  -DHAVE_KERNELS -DMAXFILE_INC="../../MaxCompilerDesignData.dat" -g0  -DSLIC_NO_DECLARATIONS   -fno-implicit-templates -O2 -DOPTIMIZATION_LEVEL=2 -x c++-header \
Tue 22:35: INFO    : 		-o stdsimheader.h.gch/NoTplInst_O2_stdsimheader.h.gch stdsimheader.h
Tue 22:35: INFO    : make MinHeap.so
Tue 22:35: INFO    : make[4]: Entering directory `/tmp/MinHeap_MAIA_DFE_SIM/scratch/software-sim/build'
Tue 22:35: INFO    : /opt/maxcompiler//lib/clang/bin/start.sh clang++ -c -fPIC -B/opt/maxcompiler//lib/gcc -fbracket-depth=1024 -D_GLIBCXX__PTHREADS -D__USE_XOPEN2K8 -O3  -I. -I/opt/maxcompiler//lib/boost/include -I/opt/maxcompiler//lib/maxeleros-sim/include -I/opt/maxcompiler//lib/lwip_sim -I/opt/maxcompiler//lib/lwip_sim/include -I/opt/maxcompiler//lib/lwip_sim/include/arch -I/opt/maxcompiler//lib/lwip_sim/include/ipv4  -DHAVE_KERNELS -DMAXFILE_INC="../../MaxCompilerDesignData.dat" -g0  -DSLIC_NO_DECLARATIONS   -fno-implicit-templates -include-pch stdsimheader.h.gch -O2 -DOPTIMIZATION_LEVEL=2 -o objdir/MinHeapKernel_exec0.NoTplInst.O2.o MinHeapKernel_exec0.cpp
Tue 22:35: INFO    : /opt/maxcompiler//lib/clang/bin/start.sh clang++ -c -fPIC -B/opt/maxcompiler//lib/gcc -fbracket-depth=1024 -D_GLIBCXX__PTHREADS -D__USE_XOPEN2K8 -O3  -I. -I/opt/maxcompiler//lib/boost/include -I/opt/maxcompiler//lib/maxeleros-sim/include -I/opt/maxcompiler//lib/lwip_sim -I/opt/maxcompiler//lib/lwip_sim/include -I/opt/maxcompiler//lib/lwip_sim/include/arch -I/opt/maxcompiler//lib/lwip_sim/include/ipv4  -DHAVE_KERNELS -DMAXFILE_INC="../../MaxCompilerDesignData.dat" -g0  -DSLIC_NO_DECLARATIONS   -fno-implicit-templates -include-pch stdsimheader.h.gch -O2 -DOPTIMIZATION_LEVEL=2 -o objdir/MinHeapKernel_exec1.NoTplInst.O2.o MinHeapKernel_exec1.cpp
Tue 22:35: INFO    : /opt/maxcompiler//lib/clang/bin/start.sh clang++ -fPIC -B/opt/maxcompiler//lib/gcc -fbracket-depth=1024 -D_GLIBCXX__PTHREADS -D__USE_XOPEN2K8 -O3  -I. -I/opt/maxcompiler//lib/boost/include -I/opt/maxcompiler//lib/maxeleros-sim/include -I/opt/maxcompiler//lib/lwip_sim -I/opt/maxcompiler//lib/lwip_sim/include -I/opt/maxcompiler//lib/lwip_sim/include/arch -I/opt/maxcompiler//lib/lwip_sim/include/ipv4  -DHAVE_KERNELS -DMAXFILE_INC="../../MaxCompilerDesignData.dat" -g0  -DSLIC_NO_DECLARATIONS   -MM -MP -MT objdir/MinHeapKernel_exec1.NoTplInst.O2.o \
Tue 22:35: INFO    : 		MinHeapKernel_exec1.cpp > objdir/MinHeapKernel_exec1.NoTplInst.O2.d
Tue 22:35: INFO    : /opt/maxcompiler//lib/clang/bin/start.sh clang++ -c -fPIC -B/opt/maxcompiler//lib/gcc -fbracket-depth=1024 -D_GLIBCXX__PTHREADS -D__USE_XOPEN2K8 -O3  -I. -I/opt/maxcompiler//lib/boost/include -I/opt/maxcompiler//lib/maxeleros-sim/include -I/opt/maxcompiler//lib/lwip_sim -I/opt/maxcompiler//lib/lwip_sim/include -I/opt/maxcompiler//lib/lwip_sim/include/arch -I/opt/maxcompiler//lib/lwip_sim/include/ipv4  -DHAVE_KERNELS -DMAXFILE_INC="../../MaxCompilerDesignData.dat" -g0  -DSLIC_NO_DECLARATIONS   -include-pch stdsimheader.h.gch -O0 -DOPTIMIZATION_LEVEL=0 -o objdir/MinHeapKernel.O0.o MinHeapKernel.cpp
Tue 22:35: INFO    : /opt/maxcompiler//lib/clang/bin/start.sh clang++ -fPIC -B/opt/maxcompiler//lib/gcc -fbracket-depth=1024 -D_GLIBCXX__PTHREADS -D__USE_XOPEN2K8 -O3  -I. -I/opt/maxcompiler//lib/boost/include -I/opt/maxcompiler//lib/maxeleros-sim/include -I/opt/maxcompiler//lib/lwip_sim -I/opt/maxcompiler//lib/lwip_sim/include -I/opt/maxcompiler//lib/lwip_sim/include/arch -I/opt/maxcompiler//lib/lwip_sim/include/ipv4  -DHAVE_KERNELS -DMAXFILE_INC="../../MaxCompilerDesignData.dat" -g0  -DSLIC_NO_DECLARATIONS   -MM -MP -MT objdir/MinHeapKernel_exec0.NoTplInst.O2.o \
Tue 22:35: INFO    : 		MinHeapKernel_exec0.cpp > objdir/MinHeapKernel_exec0.NoTplInst.O2.d
Tue 22:35: INFO    : /opt/maxcompiler//lib/clang/bin/start.sh clang++ -c -fPIC -B/opt/maxcompiler//lib/gcc -fbracket-depth=1024 -D_GLIBCXX__PTHREADS -D__USE_XOPEN2K8 -O3  -I. -I/opt/maxcompiler//lib/boost/include -I/opt/maxcompiler//lib/maxeleros-sim/include -I/opt/maxcompiler//lib/lwip_sim -I/opt/maxcompiler//lib/lwip_sim/include -I/opt/maxcompiler//lib/lwip_sim/include/arch -I/opt/maxcompiler//lib/lwip_sim/include/ipv4  -DHAVE_KERNELS -DMAXFILE_INC="../../MaxCompilerDesignData.dat" -g0  -DSLIC_NO_DECLARATIONS   -include-pch stdsimheader.h.gch -O2 -DOPTIMIZATION_LEVEL=2 -o objdir/MinHeapKernel_Templates.O2.o MinHeapKernel_Templates.cpp
Tue 22:35: INFO    : /opt/maxcompiler//lib/clang/bin/start.sh clang++ -fPIC -B/opt/maxcompiler//lib/gcc -fbracket-depth=1024 -D_GLIBCXX__PTHREADS -D__USE_XOPEN2K8 -O3  -I. -I/opt/maxcompiler//lib/boost/include -I/opt/maxcompiler//lib/maxeleros-sim/include -I/opt/maxcompiler//lib/lwip_sim -I/opt/maxcompiler//lib/lwip_sim/include -I/opt/maxcompiler//lib/lwip_sim/include/arch -I/opt/maxcompiler//lib/lwip_sim/include/ipv4  -DHAVE_KERNELS -DMAXFILE_INC="../../MaxCompilerDesignData.dat" -g0  -DSLIC_NO_DECLARATIONS   -MM -MP -MT objdir/MinHeapKernel.O0.o \
Tue 22:35: INFO    : 		MinHeapKernel.cpp > objdir/MinHeapKernel.O0.d
Tue 22:35: INFO    : /opt/maxcompiler//lib/clang/bin/start.sh clang++ -c -fPIC -B/opt/maxcompiler//lib/gcc -fbracket-depth=1024 -D_GLIBCXX__PTHREADS -D__USE_XOPEN2K8 -O3  -I. -I/opt/maxcompiler//lib/boost/include -I/opt/maxcompiler//lib/maxeleros-sim/include -I/opt/maxcompiler//lib/lwip_sim -I/opt/maxcompiler//lib/lwip_sim/include -I/opt/maxcompiler//lib/lwip_sim/include/arch -I/opt/maxcompiler//lib/lwip_sim/include/ipv4  -DHAVE_KERNELS -DMAXFILE_INC="../../MaxCompilerDesignData.dat" -g0  -DSLIC_NO_DECLARATIONS   -include-pch stdsimheader.h.gch -O0 -DOPTIMIZATION_LEVEL=0 -o objdir/max_msi.O0.o max_msi.cpp
Tue 22:35: INFO    : In file included from max_msi.cpp:19:
Tue 22:35: INFO    : /tmp/MinHeap_MAIA_DFE_SIM/scratch/software-sim/build/MaxFile.h:4:9: warning: '_QUOTE' macro redefined [-Wmacro-redefined]
Tue 22:35: INFO    : #define _QUOTE(what) #what
Tue 22:35: INFO    :         ^
Tue 22:35: INFO    : /opt/maxcompiler//lib/maxeleros-sim/include/maxrt_error.h:87:9: note: previous definition is here
Tue 22:35: INFO    : #define _QUOTE(x) #x
Tue 22:35: INFO    :         ^
Tue 22:35: INFO    : 1 warning generated.
Tue 22:35: INFO    : /opt/maxcompiler//lib/clang/bin/start.sh clang++ -fPIC -B/opt/maxcompiler//lib/gcc -fbracket-depth=1024 -D_GLIBCXX__PTHREADS -D__USE_XOPEN2K8 -O3  -I. -I/opt/maxcompiler//lib/boost/include -I/opt/maxcompiler//lib/maxeleros-sim/include -I/opt/maxcompiler//lib/lwip_sim -I/opt/maxcompiler//lib/lwip_sim/include -I/opt/maxcompiler//lib/lwip_sim/include/arch -I/opt/maxcompiler//lib/lwip_sim/include/ipv4  -DHAVE_KERNELS -DMAXFILE_INC="../../MaxCompilerDesignData.dat" -g0  -DSLIC_NO_DECLARATIONS   -MM -MP -MT objdir/max_msi.O0.o \
Tue 22:35: INFO    : 		max_msi.cpp > objdir/max_msi.O0.d
Tue 22:35: INFO    : /opt/maxcompiler//lib/clang/bin/start.sh clang++ -fPIC -B/opt/maxcompiler//lib/gcc -fbracket-depth=1024 -D_GLIBCXX__PTHREADS -D__USE_XOPEN2K8 -O3  -I. -I/opt/maxcompiler//lib/boost/include -I/opt/maxcompiler//lib/maxeleros-sim/include -I/opt/maxcompiler//lib/lwip_sim -I/opt/maxcompiler//lib/lwip_sim/include -I/opt/maxcompiler//lib/lwip_sim/include/arch -I/opt/maxcompiler//lib/lwip_sim/include/ipv4  -DHAVE_KERNELS -DMAXFILE_INC="../../MaxCompilerDesignData.dat" -g0  -DSLIC_NO_DECLARATIONS   -MM -MP -MT objdir/MinHeapKernel_Templates.O2.o \
Tue 22:35: INFO    : 		MinHeapKernel_Templates.cpp > objdir/MinHeapKernel_Templates.O2.d
Tue 22:35: INFO    : /opt/maxcompiler//lib/clang/bin/start.sh clang++ -fPIC -shared -B/opt/maxcompiler//lib/gcc -L/opt/maxcompiler//lib/boost/lib -lboost_thread -lboost_system -lboost_filesystem -lrt -pthread -O2 -s  -o MinHeap.so objdir/MinHeapKernel_exec0.NoTplInst.O2.o objdir/MinHeapKernel_exec1.NoTplInst.O2.o objdir/MinHeapKernel.O0.o objdir/MinHeapKernel_Templates.O2.o objdir/max_msi.O0.o StructToGroupDummy.o Mux.o DualAspectMux.o Demux.o Fanout.o CapRegs.o IFPGARegs.o ChecksumMem.o PCIe.o KernelManagerBlockSync.o DualAspectReg.o PullPushAdapter.o FilePullSource.o max_shared_fifo.o SharedFIFO.o Fifos.o FilePushSink.o SimTerminator.o Watch.o StreamStatus.o RunLengthExpander.o ManagerBlock.o MappedElements.o ManagerSync.o PullSync.o PushSync.o DynamicVarUInt.o SimException.o DebugStreams.o AddressGenerator.o MemoryControllerPro.o MemoryControllerRAM.o MemoryControllerCommand.o MemoryControllerStreams.o MemoryControllerConfig.o TCP.o Ethernet.o Timestamp.o /opt/maxcompiler//lib/lwip_sim/lib/liblwip.a
Tue 22:35: INFO    : make[4]: Leaving directory `/tmp/MinHeap_MAIA_DFE_SIM/scratch/software-sim/build'
Tue 22:35: INFO    : make[3]: Leaving directory `/tmp/MinHeap_MAIA_DFE_SIM/scratch/software-sim/build'
Tue 22:35: INFO    : Build pass 'SimCompilePass' took 7.26678 s.
Tue 22:35: PROGRESS: (3/3) - Generate MaxFile (AddSimObjectToMaxFilePass)
Tue 22:35: INFO    : Build pass 'AddSimObjectToMaxFilePass' took 225.566 ms.
Tue 22:35: INFO    : Final result files after build: 
Tue 22:35: INFO    : Running command: ln -sf "../scratch/MinHeap-MinHeapKernel-original.pxg"
Tue 22:35: INFO    : MinHeap-MinHeapKernel-original.pxg (BuildFilePXG)
Tue 22:35: INFO    : Running command: ln -sf "../scratch/MinHeapKernel_Configuration.txt"
Tue 22:35: INFO    : MinHeapKernel_Configuration.txt (BuildFile)
Tue 22:35: INFO    : Running command: ln -sf "../scratch/MinHeapKernel_NodeDiary.txt"
Tue 22:35: INFO    : MinHeapKernel_NodeDiary.txt (BuildFile)
Tue 22:35: INFO    : Running command: ln -sf "../scratch/MinHeap-MinHeapKernel-final-simulation.pxg"
Tue 22:35: INFO    : MinHeap-MinHeapKernel-final-simulation.pxg (BuildFilePXG)
Tue 22:35: INFO    : Running command: ln -sf "../scratch/MinHeap.xml"
Tue 22:35: INFO    : MinHeap.xml (BuildFile)
Tue 22:35: INFO    : Running command: ln -sf "../scratch/MinHeap.h"
Tue 22:35: INFO    : MinHeap.h (BuildFileSlicH)
Tue 22:35: INFO    : Running command: ln -sf "../scratch/MinHeap.max"
Tue 22:35: INFO    : MinHeap.max (BuildFileMaxFile)
Tue 22:35: INFO    : Result files will be copied to '/home/cpelikan/WebIDE-Projects/minHeapFinal/CPUCode/results'
Tue 22:35: INFO    : Copying result 'MinHeap-MinHeapKernel-original.pxg' to '/home/cpelikan/WebIDE-Projects/minHeapFinal/CPUCode/results/MinHeap-MinHeapKernel-original.pxg'
Tue 22:35: INFO    : Running command: cp -rf "/tmp/MinHeap_MAIA_DFE_SIM/scratch/MinHeap-MinHeapKernel-original.pxg" "/home/cpelikan/WebIDE-Projects/minHeapFinal/CPUCode/results/MinHeap-MinHeapKernel-original.pxg"
Tue 22:35: INFO    : Copying result 'MinHeap-MinHeapKernel-final-simulation.pxg' to '/home/cpelikan/WebIDE-Projects/minHeapFinal/CPUCode/results/MinHeap-MinHeapKernel-final-simulation.pxg'
Tue 22:35: INFO    : Running command: cp -rf "/tmp/MinHeap_MAIA_DFE_SIM/scratch/MinHeap-MinHeapKernel-final-simulation.pxg" "/home/cpelikan/WebIDE-Projects/minHeapFinal/CPUCode/results/MinHeap-MinHeapKernel-final-simulation.pxg"
Tue 22:35: INFO    : Result 'MinHeap.h' is identical to '/home/cpelikan/WebIDE-Projects/minHeapFinal/CPUCode/results/MinHeap.h': not overwriting.
Tue 22:35: INFO    : Copying result 'MinHeap.max' to '/home/cpelikan/WebIDE-Projects/minHeapFinal/CPUCode/results/MinHeap.max'
Tue 22:35: INFO    : Running command: cp -rf "/tmp/MinHeap_MAIA_DFE_SIM/scratch/MinHeap.max" "/home/cpelikan/WebIDE-Projects/minHeapFinal/CPUCode/results/MinHeap.max"
Tue 22:35: PROGRESS: MaxFile: /tmp/MinHeap_MAIA_DFE_SIM/results/MinHeap.max (MD5Sum: e63dc2632fec45fcf4437934f9a20946)
Tue 22:35: INFO    : Waiting for any outstanding jobs to finish... 
Tue 22:35: PROGRESS: Build completed: Tue Jun 07 22:35:50 UTC 2016 (took 12 secs)
